<?xml version="1.0" encoding="UTF-8"?>
<testng-results ignored="0" total="2" passed="2" failed="0" skipped="0">
  <reporter-output>
  </reporter-output>
  <suite started-at="2021-12-31T02:05:10 MSK" name="com.demoqa.LoginTest" finished-at="2021-12-31T02:05:19 MSK" duration-ms="8297">
    <groups>
    </groups>
    <test started-at="2021-12-31T02:05:10 MSK" name="Command line test" finished-at="2021-12-31T02:05:19 MSK" duration-ms="8297">
      <class name="com.demoqa.LoginTest">
        <test-method is-config="true" signature="setup()[pri:0, instance:com.demoqa.LoginTest@4ef782af]" started-at="2021-12-31T02:05:10 MSK" name="setup" finished-at="2021-12-31T02:05:13 MSK" duration-ms="2129" status="PASS">
          <reporter-output>
          </reporter-output>
        </test-method> <!-- setup -->
        <test-method signature="bookStoreTest()[pri:0, instance:com.demoqa.LoginTest@4ef782af]" started-at="2021-12-31T02:05:13 MSK" name="bookStoreTest" finished-at="2021-12-31T02:05:17 MSK" duration-ms="4536" status="PASS">
          <reporter-output>
          </reporter-output>
        </test-method> <!-- bookStoreTest -->
        <test-method signature="profileTest()[pri:0, instance:com.demoqa.LoginTest@4ef782af]" started-at="2021-12-31T02:05:17 MSK" name="profileTest" finished-at="2021-12-31T02:05:19 MSK" duration-ms="1420" status="PASS">
          <reporter-output>
          </reporter-output>
        </test-method> <!-- profileTest -->
        <test-method is-config="true" signature="tearDown()[pri:0, instance:com.demoqa.LoginTest@4ef782af]" started-at="2021-12-31T02:05:19 MSK" name="tearDown" finished-at="2021-12-31T02:05:19 MSK" duration-ms="165" status="PASS">
          <reporter-output>
          </reporter-output>
        </test-method> <!-- tearDown -->
      </class> <!-- com.demoqa.LoginTest -->
    </test> <!-- Command line test -->
  </suite> <!-- com.demoqa.LoginTest -->
</testng-results>
